2025-11-28 11:21:59,116 | INFO     | 🔁 Starting XLSX Validator and Migration
2025-11-28 11:22:19,435 | INFO     | Visible sheets: ['Journeys', 'Ground Accom', 'Location', 'Hotels Emergency Contact Info', 'Rooms Cabins', 'All Activities - For Upload', 'All Transfers - For Upload', 'PAT Cruise Packages ', 'ANT Cruise Packages', 'Excursions Package', 'Transfers - Atacama DesertEaste', 'LG and CL Activities - for Uplo', 'LG Hikes (David)', 'Private Tours Package', 'All Inclusive Hotel Package', 'Multi-day Activity Package', 'Region', 'Ship Accom', 'ANT Ship Accom', 'ANT Activities', 'ANT Transfers']
2025-11-28 11:22:37,779 | INFO     | 📋 Stored auxiliary data for Rooms Cabins: 1281 rows
2025-11-28 11:22:37,783 | INFO     | 📄 Processing Sheet: Location (1257 rows)
2025-11-28 11:22:50,037 | INFO     | ✅ All rows in sheet 'Location' are valid!
2025-11-28 11:22:50,176 | INFO     | 🛜 Calling API ...
2025-11-28 11:22:50,677 | ERROR    | 💥 Fatal error in main loop: No module named 'main'
Traceback (most recent call last):
  File "C:\Users\caleb\Documents\Platform48\csv-migration-command-line-tool\app.py", line 539, in run_loop
    newly_uploaded = core_data_service.pushValidRowToDB(
                     ^^^^^^^^^^^^^^^^^^^^^^^^^^^^^^^^^^^
  File "C:\Users\caleb\Documents\Platform48\csv-migration-command-line-tool\app.py", line 887, in pushValidRowToDB
    result = future.result()
             ^^^^^^^^^^^^^^^
  File "C:\Users\caleb\AppData\Local\Programs\Python\Python312\Lib\concurrent\futures\_base.py", line 449, in result
    return self.__get_result()
           ^^^^^^^^^^^^^^^^^^^
  File "C:\Users\caleb\AppData\Local\Programs\Python\Python312\Lib\concurrent\futures\_base.py", line 401, in __get_result
    raise self._exception
  File "C:\Users\caleb\AppData\Local\Programs\Python\Python312\Lib\concurrent\futures\thread.py", line 58, in run
    result = self.fn(*self.args, **self.kwargs)
             ^^^^^^^^^^^^^^^^^^^^^^^^^^^^^^^^^^
  File "C:\Users\caleb\Documents\Platform48\csv-migration-command-line-tool\app.py", line 729, in _upload_component
    from main import generate_component_id  # Import here to avoid circular import
    ^^^^^^^^^^^^^^^^^^^^^^^^^^^^^^^^^^^^^^
ModuleNotFoundError: No module named 'main'
